2024.08.27 20:46:45 INFO  Started: Metals version 1.3.5 in folders '/home/szywat/scala' for client Visual Studio Code 1.92.2.[0m
SLF4J(W): Class path contains multiple SLF4J providers.
SLF4J(W): Found provider [scribe.slf4j.ScribeServiceProvider@51eca2de]
SLF4J(W): Found provider [ch.qos.logback.classic.spi.LogbackServiceProvider@16f61eec]
SLF4J(W): See https://www.slf4j.org/codes.html#multiple_bindings for an explanation.
SLF4J(I): Actual provider is of type [scribe.slf4j.ScribeServiceProvider@51eca2de]
2024.08.27 20:46:45 WARN  Flyway upgrade recommended: H2 2.3.230 is newer than this version of Flyway and support has not been tested. The latest supported version of H2 is 2.2.220.[0m
2024.08.27 20:46:46 INFO  Attempting to connect to the build server...[0m
2024.08.27 20:46:47 INFO  no build target found for /home/szywat/scala/lab07/src/main/scala/Main.scala. Using presentation compiler with project's scala-library version: 3.3.3[0m
2024.08.27 20:46:49 INFO  tracing is disabled for protocol BSP, to enable tracing of incoming and outgoing JSON messages create an empty file at /home/szywat/scala/.metals/bsp.trace.json or /home/szywat/.cache/metals/bsp.trace.json[0m
2024.08.27 20:46:49 INFO  time: Connected to build server in 4.29s[0m
2024.08.27 20:46:49 INFO  Connected to Build server: Bloop v1.6.0[0m
2024.08.27 20:46:50 INFO  time: Imported build in 0.15s[0m
2024.08.27 20:46:50 INFO  running doctor check[0m
2024.08.27 20:46:50 INFO  java targets: lab02, lab02-test[0m
2024.08.27 20:46:52 WARN  Flyway upgrade recommended: H2 2.3.230 is newer than this version of Flyway and support has not been tested. The latest supported version of H2 is 2.2.220.[0m
2024.08.27 20:46:52 INFO  time: indexed workspace in 1.9s[0m
2024.08.27 20:46:52 WARN  no build target for: /home/szywat/scala/lab07/src/main/scala/Main.scala[0m
2024.08.27 20:46:52 INFO  no build target found for /home/szywat/scala/lab07/src/main/scala/Main.scala. Using presentation compiler with project's scala-library version: 3.3.3[0m
2024.08.27 20:46:52 INFO  no build target found for /home/szywat/scala/lab07/src/main/scala/Main.scala. Using presentation compiler with project's scala-library version: 3.3.3[0m
